2019/07/12 15:01:43 [error] [exception.CHttpException.404] exception 'CHttpException' with message 'Unable to resolve the request "scripts/jquery-1.10.2.min.map".' in F:\OSPanel_5_2_9\OSPanel\domains\framework\web\CWebApplication.php:286
Stack trace:
#0 F:\OSPanel_5_2_9\OSPanel\domains\framework\web\CWebApplication.php(141): CWebApplication->runController('scripts/jquery-...')
#1 F:\OSPanel_5_2_9\OSPanel\domains\framework\base\CApplication.php(185): CWebApplication->processRequest()
#2 F:\OSPanel_5_2_9\OSPanel\domains\snsit.loc\index.php(26): CApplication->run()
#3 {main}
REQUEST_URI=/scripts/jquery-1.10.2.min.map
---
2019/07/12 15:01:49 [error] [exception.CHttpException.404] exception 'CHttpException' with message 'Unable to resolve the request "css/images/ui-bg_glass_75_dadada_1x400.png".' in F:\OSPanel_5_2_9\OSPanel\domains\framework\web\CWebApplication.php:286
Stack trace:
#0 F:\OSPanel_5_2_9\OSPanel\domains\framework\web\CWebApplication.php(141): CWebApplication->runController('css/images/ui-b...')
#1 F:\OSPanel_5_2_9\OSPanel\domains\framework\base\CApplication.php(185): CWebApplication->processRequest()
#2 F:\OSPanel_5_2_9\OSPanel\domains\snsit.loc\index.php(26): CApplication->run()
#3 {main}
REQUEST_URI=/css/images/ui-bg_glass_75_dadada_1x400.png
HTTP_REFERER=http://snsit.loc/css/jquery-ui-1.9.2.css
---
2019/07/12 15:02:55 [error] [exception.CHttpException.404] exception 'CHttpException' with message 'Unable to resolve the request "scripts/jquery-1.10.2.min.map".' in F:\OSPanel_5_2_9\OSPanel\domains\framework\web\CWebApplication.php:286
Stack trace:
#0 F:\OSPanel_5_2_9\OSPanel\domains\framework\web\CWebApplication.php(141): CWebApplication->runController('scripts/jquery-...')
#1 F:\OSPanel_5_2_9\OSPanel\domains\framework\base\CApplication.php(185): CWebApplication->processRequest()
#2 F:\OSPanel_5_2_9\OSPanel\domains\snsit.loc\index.php(26): CApplication->run()
#3 {main}
REQUEST_URI=/scripts/jquery-1.10.2.min.map
---
2019/07/12 15:04:14 [error] [exception.CHttpException.404] exception 'CHttpException' with message 'Unable to resolve the request "scripts/jquery-1.10.2.min.map".' in F:\OSPanel_5_2_9\OSPanel\domains\framework\web\CWebApplication.php:286
Stack trace:
#0 F:\OSPanel_5_2_9\OSPanel\domains\framework\web\CWebApplication.php(141): CWebApplication->runController('scripts/jquery-...')
#1 F:\OSPanel_5_2_9\OSPanel\domains\framework\base\CApplication.php(185): CWebApplication->processRequest()
#2 F:\OSPanel_5_2_9\OSPanel\domains\snsit.loc\index.php(26): CApplication->run()
#3 {main}
REQUEST_URI=/scripts/jquery-1.10.2.min.map
---
2019/07/12 15:04:17 [error] [exception.CHttpException.404] exception 'CHttpException' with message 'Unable to resolve the request "css/images/ui-bg_glass_75_dadada_1x400.png".' in F:\OSPanel_5_2_9\OSPanel\domains\framework\web\CWebApplication.php:286
Stack trace:
#0 F:\OSPanel_5_2_9\OSPanel\domains\framework\web\CWebApplication.php(141): CWebApplication->runController('css/images/ui-b...')
#1 F:\OSPanel_5_2_9\OSPanel\domains\framework\base\CApplication.php(185): CWebApplication->processRequest()
#2 F:\OSPanel_5_2_9\OSPanel\domains\snsit.loc\index.php(26): CApplication->run()
#3 {main}
REQUEST_URI=/css/images/ui-bg_glass_75_dadada_1x400.png
HTTP_REFERER=http://snsit.loc/css/jquery-ui-1.9.2.css
---
2019/07/12 15:04:25 [error] [exception.CHttpException.404] exception 'CHttpException' with message 'Unable to resolve the request "scripts/jquery-1.10.2.min.map".' in F:\OSPanel_5_2_9\OSPanel\domains\framework\web\CWebApplication.php:286
Stack trace:
#0 F:\OSPanel_5_2_9\OSPanel\domains\framework\web\CWebApplication.php(141): CWebApplication->runController('scripts/jquery-...')
#1 F:\OSPanel_5_2_9\OSPanel\domains\framework\base\CApplication.php(185): CWebApplication->processRequest()
#2 F:\OSPanel_5_2_9\OSPanel\domains\snsit.loc\index.php(26): CApplication->run()
#3 {main}
REQUEST_URI=/scripts/jquery-1.10.2.min.map
---
2019/07/12 15:08:16 [error] [exception.CHttpException.404] exception 'CHttpException' with message 'Unable to resolve the request "scripts/jquery-1.10.2.min.map".' in F:\OSPanel_5_2_9\OSPanel\domains\framework\web\CWebApplication.php:286
Stack trace:
#0 F:\OSPanel_5_2_9\OSPanel\domains\framework\web\CWebApplication.php(141): CWebApplication->runController('scripts/jquery-...')
#1 F:\OSPanel_5_2_9\OSPanel\domains\framework\base\CApplication.php(185): CWebApplication->processRequest()
#2 F:\OSPanel_5_2_9\OSPanel\domains\snsit.loc\index.php(26): CApplication->run()
#3 {main}
REQUEST_URI=/scripts/jquery-1.10.2.min.map
---
2019/07/12 15:08:17 [error] [exception.CHttpException.404] exception 'CHttpException' with message 'Unable to resolve the request "scripts/jquery-1.10.2.min.map".' in F:\OSPanel_5_2_9\OSPanel\domains\framework\web\CWebApplication.php:286
Stack trace:
#0 F:\OSPanel_5_2_9\OSPanel\domains\framework\web\CWebApplication.php(141): CWebApplication->runController('scripts/jquery-...')
#1 F:\OSPanel_5_2_9\OSPanel\domains\framework\base\CApplication.php(185): CWebApplication->processRequest()
#2 F:\OSPanel_5_2_9\OSPanel\domains\snsit.loc\index.php(26): CApplication->run()
#3 {main}
REQUEST_URI=/scripts/jquery-1.10.2.min.map
---
2019/07/12 15:08:18 [error] [exception.CHttpException.404] exception 'CHttpException' with message 'Unable to resolve the request "scripts/jquery-1.10.2.min.map".' in F:\OSPanel_5_2_9\OSPanel\domains\framework\web\CWebApplication.php:286
Stack trace:
#0 F:\OSPanel_5_2_9\OSPanel\domains\framework\web\CWebApplication.php(141): CWebApplication->runController('scripts/jquery-...')
#1 F:\OSPanel_5_2_9\OSPanel\domains\framework\base\CApplication.php(185): CWebApplication->processRequest()
#2 F:\OSPanel_5_2_9\OSPanel\domains\snsit.loc\index.php(26): CApplication->run()
#3 {main}
REQUEST_URI=/scripts/jquery-1.10.2.min.map
---
2019/07/12 15:08:21 [error] [exception.CHttpException.404] exception 'CHttpException' with message 'Unable to resolve the request "scripts/jquery-1.10.2.min.map".' in F:\OSPanel_5_2_9\OSPanel\domains\framework\web\CWebApplication.php:286
Stack trace:
#0 F:\OSPanel_5_2_9\OSPanel\domains\framework\web\CWebApplication.php(141): CWebApplication->runController('scripts/jquery-...')
#1 F:\OSPanel_5_2_9\OSPanel\domains\framework\base\CApplication.php(185): CWebApplication->processRequest()
#2 F:\OSPanel_5_2_9\OSPanel\domains\snsit.loc\index.php(26): CApplication->run()
#3 {main}
REQUEST_URI=/scripts/jquery-1.10.2.min.map
---
2019/07/12 15:08:22 [error] [exception.CHttpException.404] exception 'CHttpException' with message 'Unable to resolve the request "css/images/ui-bg_glass_75_dadada_1x400.png".' in F:\OSPanel_5_2_9\OSPanel\domains\framework\web\CWebApplication.php:286
Stack trace:
#0 F:\OSPanel_5_2_9\OSPanel\domains\framework\web\CWebApplication.php(141): CWebApplication->runController('css/images/ui-b...')
#1 F:\OSPanel_5_2_9\OSPanel\domains\framework\base\CApplication.php(185): CWebApplication->processRequest()
#2 F:\OSPanel_5_2_9\OSPanel\domains\snsit.loc\index.php(26): CApplication->run()
#3 {main}
REQUEST_URI=/css/images/ui-bg_glass_75_dadada_1x400.png
HTTP_REFERER=http://snsit.loc/css/jquery-ui-1.9.2.css
---
2019/07/12 15:14:44 [error] [exception.CException] exception 'CException' with message 'InstallationRequests has an invalid validation rule. The rule must specify attributes to be validated and the validator name.' in F:\OSPanel_5_2_9\OSPanel\domains\framework\base\CModel.php:289
Stack trace:
#0 F:\OSPanel_5_2_9\OSPanel\domains\framework\base\CModel.php(260): CModel->createValidators()
#1 F:\OSPanel_5_2_9\OSPanel\domains\framework\base\CModel.php(547): CModel->getValidators()
#2 F:\OSPanel_5_2_9\OSPanel\domains\framework\base\CModel.php(468): CModel->getSafeAttributeNames()
#3 F:\OSPanel_5_2_9\OSPanel\domains\framework\base\CComponent.php(152): CModel->setAttributes(Array)
#4 F:\OSPanel_5_2_9\OSPanel\domains\framework\db\ar\CActiveRecord.php(162): CComponent->__set('attributes', Array)
#5 F:\OSPanel_5_2_9\OSPanel\domains\snsit.loc\protected\controllers\InstallationrequestsController.php(140): CActiveRecord->__set('attributes', Array)
#6 F:\OSPanel_5_2_9\OSPanel\domains\framework\web\actions\CInlineAction.php(49): InstallationRequestsController->actionCreate()
#7 F:\OSPanel_5_2_9\OSPanel\domains\framework\web\CController.php(308): CInlineAction->runWithParams(Array)
#8 F:\OSPanel_5_2_9\OSPanel\domains\framework\web\filters\CFilterChain.php(134): CController->runAction(Object(CInlineAction))
#9 F:\OSPanel_5_2_9\OSPanel\domains\framework\web\filters\CFilter.php(40): CFilterChain->run()
#10 F:\OSPanel_5_2_9\OSPanel\domains\framework\web\CController.php(1148): CFilter->filter(Object(CFilterChain))
#11 F:\OSPanel_5_2_9\OSPanel\domains\framework\web\filters\CInlineFilter.php(58): CController->filterAccessControl(Object(CFilterChain))
#12 F:\OSPanel_5_2_9\OSPanel\domains\framework\web\filters\CFilterChain.php(131): CInlineFilter->filter(Object(CFilterChain))
#13 F:\OSPanel_5_2_9\OSPanel\domains\framework\web\CController.php(291): CFilterChain->run()
#14 F:\OSPanel_5_2_9\OSPanel\domains\framework\web\CController.php(265): CController->runActionWithFilters(Object(CInlineAction), Array)
#15 F:\OSPanel_5_2_9\OSPanel\domains\framework\web\CWebApplication.php(282): CController->run('create')
#16 F:\OSPanel_5_2_9\OSPanel\domains\framework\web\CWebApplication.php(141): CWebApplication->runController('installationreq...')
#17 F:\OSPanel_5_2_9\OSPanel\domains\framework\base\CApplication.php(185): CWebApplication->processRequest()
#18 F:\OSPanel_5_2_9\OSPanel\domains\snsit.loc\index.php(26): CApplication->run()
#19 {main}
REQUEST_URI=/installationrequests/create
HTTP_REFERER=http://snsit.loc/installationrequests/create
---
2019/07/12 15:14:44 [error] [exception.CHttpException.404] exception 'CHttpException' with message 'Unable to resolve the request "scripts/jquery-1.10.2.min.map".' in F:\OSPanel_5_2_9\OSPanel\domains\framework\web\CWebApplication.php:286
Stack trace:
#0 F:\OSPanel_5_2_9\OSPanel\domains\framework\web\CWebApplication.php(141): CWebApplication->runController('scripts/jquery-...')
#1 F:\OSPanel_5_2_9\OSPanel\domains\framework\base\CApplication.php(185): CWebApplication->processRequest()
#2 F:\OSPanel_5_2_9\OSPanel\domains\snsit.loc\index.php(26): CApplication->run()
#3 {main}
REQUEST_URI=/scripts/jquery-1.10.2.min.map
---
2019/07/12 15:15:55 [error] [exception.CException] exception 'CException' with message 'InstallationRequests has an invalid validation rule. The rule must specify attributes to be validated and the validator name.' in F:\OSPanel_5_2_9\OSPanel\domains\framework\base\CModel.php:289
Stack trace:
#0 F:\OSPanel_5_2_9\OSPanel\domains\framework\base\CModel.php(260): CModel->createValidators()
#1 F:\OSPanel_5_2_9\OSPanel\domains\framework\base\CModel.php(547): CModel->getValidators()
#2 F:\OSPanel_5_2_9\OSPanel\domains\framework\base\CModel.php(468): CModel->getSafeAttributeNames()
#3 F:\OSPanel_5_2_9\OSPanel\domains\framework\base\CComponent.php(152): CModel->setAttributes(Array)
#4 F:\OSPanel_5_2_9\OSPanel\domains\framework\db\ar\CActiveRecord.php(162): CComponent->__set('attributes', Array)
#5 F:\OSPanel_5_2_9\OSPanel\domains\snsit.loc\protected\controllers\InstallationrequestsController.php(140): CActiveRecord->__set('attributes', Array)
#6 F:\OSPanel_5_2_9\OSPanel\domains\framework\web\actions\CInlineAction.php(49): InstallationRequestsController->actionCreate()
#7 F:\OSPanel_5_2_9\OSPanel\domains\framework\web\CController.php(308): CInlineAction->runWithParams(Array)
#8 F:\OSPanel_5_2_9\OSPanel\domains\framework\web\filters\CFilterChain.php(134): CController->runAction(Object(CInlineAction))
#9 F:\OSPanel_5_2_9\OSPanel\domains\framework\web\filters\CFilter.php(40): CFilterChain->run()
#10 F:\OSPanel_5_2_9\OSPanel\domains\framework\web\CController.php(1148): CFilter->filter(Object(CFilterChain))
#11 F:\OSPanel_5_2_9\OSPanel\domains\framework\web\filters\CInlineFilter.php(58): CController->filterAccessControl(Object(CFilterChain))
#12 F:\OSPanel_5_2_9\OSPanel\domains\framework\web\filters\CFilterChain.php(131): CInlineFilter->filter(Object(CFilterChain))
#13 F:\OSPanel_5_2_9\OSPanel\domains\framework\web\CController.php(291): CFilterChain->run()
#14 F:\OSPanel_5_2_9\OSPanel\domains\framework\web\CController.php(265): CController->runActionWithFilters(Object(CInlineAction), Array)
#15 F:\OSPanel_5_2_9\OSPanel\domains\framework\web\CWebApplication.php(282): CController->run('create')
#16 F:\OSPanel_5_2_9\OSPanel\domains\framework\web\CWebApplication.php(141): CWebApplication->runController('installationreq...')
#17 F:\OSPanel_5_2_9\OSPanel\domains\framework\base\CApplication.php(185): CWebApplication->processRequest()
#18 F:\OSPanel_5_2_9\OSPanel\domains\snsit.loc\index.php(26): CApplication->run()
#19 {main}
REQUEST_URI=/installationrequests/create
HTTP_REFERER=http://snsit.loc/installationrequests/create
---
2019/07/12 15:15:55 [error] [exception.CHttpException.404] exception 'CHttpException' with message 'Unable to resolve the request "scripts/jquery-1.10.2.min.map".' in F:\OSPanel_5_2_9\OSPanel\domains\framework\web\CWebApplication.php:286
Stack trace:
#0 F:\OSPanel_5_2_9\OSPanel\domains\framework\web\CWebApplication.php(141): CWebApplication->runController('scripts/jquery-...')
#1 F:\OSPanel_5_2_9\OSPanel\domains\framework\base\CApplication.php(185): CWebApplication->processRequest()
#2 F:\OSPanel_5_2_9\OSPanel\domains\snsit.loc\index.php(26): CApplication->run()
#3 {main}
REQUEST_URI=/scripts/jquery-1.10.2.min.map
---
2019/07/12 15:18:55 [error] [system.db.CDbCommand] CDbCommand::execute() failed: SQLSTATE[22001]: String data, right truncated: 1406 Data too long for column 'disaster_recovery' at row 1. The SQL statement executed was: INSERT INTO `installation_requests` (`disaster_recovery`, `assigned_to`, `maintenance`, `status`, `prerequisites`, `installation_location`, `ir_number`, `customer`, `project`, `expected_starting_date`, `deadline_date`, `installation_locally`, `hosting_contact_name`, `hosting_contact_email`, `customer_contact_name`, `customer_contact_email`, `notes`, `requested_by`) VALUES (:yp0, :yp1, :yp2, :yp3, :yp4, :yp5, :yp6, :yp7, :yp8, :yp9, :yp10, :yp11, :yp12, :yp13, :yp14, :yp15, :yp16, :yp17).
2019/07/12 15:18:55 [error] [exception.CDbException] exception 'CDbException' with message 'CDbCommand failed to execute the SQL statement: SQLSTATE[22001]: String data, right truncated: 1406 Data too long for column 'disaster_recovery' at row 1' in F:\OSPanel_5_2_9\OSPanel\domains\framework\db\CDbCommand.php:358
Stack trace:
#0 F:\OSPanel_5_2_9\OSPanel\domains\framework\db\ar\CActiveRecord.php(1083): CDbCommand->execute()
#1 F:\OSPanel_5_2_9\OSPanel\domains\framework\db\ar\CActiveRecord.php(811): CActiveRecord->insert(NULL)
#2 F:\OSPanel_5_2_9\OSPanel\domains\snsit.loc\protected\controllers\InstallationrequestsController.php(180): CActiveRecord->save()
#3 F:\OSPanel_5_2_9\OSPanel\domains\framework\web\actions\CInlineAction.php(49): InstallationRequestsController->actionCreate()
#4 F:\OSPanel_5_2_9\OSPanel\domains\framework\web\CController.php(308): CInlineAction->runWithParams(Array)
#5 F:\OSPanel_5_2_9\OSPanel\domains\framework\web\filters\CFilterChain.php(134): CController->runAction(Object(CInlineAction))
#6 F:\OSPanel_5_2_9\OSPanel\domains\framework\web\filters\CFilter.php(40): CFilterChain->run()
#7 F:\OSPanel_5_2_9\OSPanel\domains\framework\web\CController.php(1148): CFilter->filter(Object(CFilterChain))
#8 F:\OSPanel_5_2_9\OSPanel\domains\framework\web\filters\CInlineFilter.php(58): CController->filterAccessControl(Object(CFilterChain))
#9 F:\OSPanel_5_2_9\OSPanel\domains\framework\web\filters\CFilterChain.php(131): CInlineFilter->filter(Object(CFilterChain))
#10 F:\OSPanel_5_2_9\OSPanel\domains\framework\web\CController.php(291): CFilterChain->run()
#11 F:\OSPanel_5_2_9\OSPanel\domains\framework\web\CController.php(265): CController->runActionWithFilters(Object(CInlineAction), Array)
#12 F:\OSPanel_5_2_9\OSPanel\domains\framework\web\CWebApplication.php(282): CController->run('create')
#13 F:\OSPanel_5_2_9\OSPanel\domains\framework\web\CWebApplication.php(141): CWebApplication->runController('installationreq...')
#14 F:\OSPanel_5_2_9\OSPanel\domains\framework\base\CApplication.php(185): CWebApplication->processRequest()
#15 F:\OSPanel_5_2_9\OSPanel\domains\snsit.loc\index.php(26): CApplication->run()
#16 {main}
REQUEST_URI=/installationrequests/create
HTTP_REFERER=http://snsit.loc/installationrequests/create
---
2019/07/12 15:18:55 [error] [exception.CHttpException.404] exception 'CHttpException' with message 'Unable to resolve the request "scripts/jquery-1.10.2.min.map".' in F:\OSPanel_5_2_9\OSPanel\domains\framework\web\CWebApplication.php:286
Stack trace:
#0 F:\OSPanel_5_2_9\OSPanel\domains\framework\web\CWebApplication.php(141): CWebApplication->runController('scripts/jquery-...')
#1 F:\OSPanel_5_2_9\OSPanel\domains\framework\base\CApplication.php(185): CWebApplication->processRequest()
#2 F:\OSPanel_5_2_9\OSPanel\domains\snsit.loc\index.php(26): CApplication->run()
#3 {main}
REQUEST_URI=/scripts/jquery-1.10.2.min.map
---
2019/07/12 15:23:24 [error] [system.db.CDbCommand] CDbCommand::execute() failed: SQLSTATE[22001]: String data, right truncated: 1406 Data too long for column 'disaster_recovery' at row 1. The SQL statement executed was: INSERT INTO `installation_requests` (`disaster_recovery`, `assigned_to`, `maintenance`, `status`, `prerequisites`, `installation_location`, `ir_number`, `customer`, `project`, `expected_starting_date`, `deadline_date`, `installation_locally`, `hosting_contact_name`, `hosting_contact_email`, `customer_contact_name`, `customer_contact_email`, `notes`, `requested_by`) VALUES (:yp0, :yp1, :yp2, :yp3, :yp4, :yp5, :yp6, :yp7, :yp8, :yp9, :yp10, :yp11, :yp12, :yp13, :yp14, :yp15, :yp16, :yp17).
2019/07/12 15:23:24 [error] [exception.CDbException] exception 'CDbException' with message 'CDbCommand failed to execute the SQL statement: SQLSTATE[22001]: String data, right truncated: 1406 Data too long for column 'disaster_recovery' at row 1' in F:\OSPanel_5_2_9\OSPanel\domains\framework\db\CDbCommand.php:358
Stack trace:
#0 F:\OSPanel_5_2_9\OSPanel\domains\framework\db\ar\CActiveRecord.php(1083): CDbCommand->execute()
#1 F:\OSPanel_5_2_9\OSPanel\domains\framework\db\ar\CActiveRecord.php(811): CActiveRecord->insert(NULL)
#2 F:\OSPanel_5_2_9\OSPanel\domains\snsit.loc\protected\controllers\InstallationrequestsController.php(180): CActiveRecord->save()
#3 F:\OSPanel_5_2_9\OSPanel\domains\framework\web\actions\CInlineAction.php(49): InstallationRequestsController->actionCreate()
#4 F:\OSPanel_5_2_9\OSPanel\domains\framework\web\CController.php(308): CInlineAction->runWithParams(Array)
#5 F:\OSPanel_5_2_9\OSPanel\domains\framework\web\filters\CFilterChain.php(134): CController->runAction(Object(CInlineAction))
#6 F:\OSPanel_5_2_9\OSPanel\domains\framework\web\filters\CFilter.php(40): CFilterChain->run()
#7 F:\OSPanel_5_2_9\OSPanel\domains\framework\web\CController.php(1148): CFilter->filter(Object(CFilterChain))
#8 F:\OSPanel_5_2_9\OSPanel\domains\framework\web\filters\CInlineFilter.php(58): CController->filterAccessControl(Object(CFilterChain))
#9 F:\OSPanel_5_2_9\OSPanel\domains\framework\web\filters\CFilterChain.php(131): CInlineFilter->filter(Object(CFilterChain))
#10 F:\OSPanel_5_2_9\OSPanel\domains\framework\web\CController.php(291): CFilterChain->run()
#11 F:\OSPanel_5_2_9\OSPanel\domains\framework\web\CController.php(265): CController->runActionWithFilters(Object(CInlineAction), Array)
#12 F:\OSPanel_5_2_9\OSPanel\domains\framework\web\CWebApplication.php(282): CController->run('create')
#13 F:\OSPanel_5_2_9\OSPanel\domains\framework\web\CWebApplication.php(141): CWebApplication->runController('installationreq...')
#14 F:\OSPanel_5_2_9\OSPanel\domains\framework\base\CApplication.php(185): CWebApplication->processRequest()
#15 F:\OSPanel_5_2_9\OSPanel\domains\snsit.loc\index.php(26): CApplication->run()
#16 {main}
REQUEST_URI=/installationrequests/create
HTTP_REFERER=http://snsit.loc/installationrequests/create
---
2019/07/12 15:23:24 [error] [exception.CHttpException.404] exception 'CHttpException' with message 'Unable to resolve the request "scripts/jquery-1.10.2.min.map".' in F:\OSPanel_5_2_9\OSPanel\domains\framework\web\CWebApplication.php:286
Stack trace:
#0 F:\OSPanel_5_2_9\OSPanel\domains\framework\web\CWebApplication.php(141): CWebApplication->runController('scripts/jquery-...')
#1 F:\OSPanel_5_2_9\OSPanel\domains\framework\base\CApplication.php(185): CWebApplication->processRequest()
#2 F:\OSPanel_5_2_9\OSPanel\domains\snsit.loc\index.php(26): CApplication->run()
#3 {main}
REQUEST_URI=/scripts/jquery-1.10.2.min.map
---
2019/07/12 15:25:10 [error] [system.db.CDbCommand] CDbCommand::execute() failed: SQLSTATE[22001]: String data, right truncated: 1406 Data too long for column 'disaster_recovery' at row 1. The SQL statement executed was: INSERT INTO `installation_requests` (`disaster_recovery`, `assigned_to`, `maintenance`, `status`, `prerequisites`, `installation_location`, `ir_number`, `customer`, `project`, `expected_starting_date`, `deadline_date`, `installation_locally`, `hosting_contact_name`, `hosting_contact_email`, `customer_contact_name`, `customer_contact_email`, `notes`, `requested_by`) VALUES (:yp0, :yp1, :yp2, :yp3, :yp4, :yp5, :yp6, :yp7, :yp8, :yp9, :yp10, :yp11, :yp12, :yp13, :yp14, :yp15, :yp16, :yp17).
2019/07/12 15:25:10 [error] [exception.CDbException] exception 'CDbException' with message 'CDbCommand failed to execute the SQL statement: SQLSTATE[22001]: String data, right truncated: 1406 Data too long for column 'disaster_recovery' at row 1' in F:\OSPanel_5_2_9\OSPanel\domains\framework\db\CDbCommand.php:358
Stack trace:
#0 F:\OSPanel_5_2_9\OSPanel\domains\framework\db\ar\CActiveRecord.php(1083): CDbCommand->execute()
#1 F:\OSPanel_5_2_9\OSPanel\domains\framework\db\ar\CActiveRecord.php(811): CActiveRecord->insert(NULL)
#2 F:\OSPanel_5_2_9\OSPanel\domains\snsit.loc\protected\controllers\InstallationrequestsController.php(181): CActiveRecord->save()
#3 F:\OSPanel_5_2_9\OSPanel\domains\framework\web\actions\CInlineAction.php(49): InstallationRequestsController->actionCreate()
#4 F:\OSPanel_5_2_9\OSPanel\domains\framework\web\CController.php(308): CInlineAction->runWithParams(Array)
#5 F:\OSPanel_5_2_9\OSPanel\domains\framework\web\filters\CFilterChain.php(134): CController->runAction(Object(CInlineAction))
#6 F:\OSPanel_5_2_9\OSPanel\domains\framework\web\filters\CFilter.php(40): CFilterChain->run()
#7 F:\OSPanel_5_2_9\OSPanel\domains\framework\web\CController.php(1148): CFilter->filter(Object(CFilterChain))
#8 F:\OSPanel_5_2_9\OSPanel\domains\framework\web\filters\CInlineFilter.php(58): CController->filterAccessControl(Object(CFilterChain))
#9 F:\OSPanel_5_2_9\OSPanel\domains\framework\web\filters\CFilterChain.php(131): CInlineFilter->filter(Object(CFilterChain))
#10 F:\OSPanel_5_2_9\OSPanel\domains\framework\web\CController.php(291): CFilterChain->run()
#11 F:\OSPanel_5_2_9\OSPanel\domains\framework\web\CController.php(265): CController->runActionWithFilters(Object(CInlineAction), Array)
#12 F:\OSPanel_5_2_9\OSPanel\domains\framework\web\CWebApplication.php(282): CController->run('create')
#13 F:\OSPanel_5_2_9\OSPanel\domains\framework\web\CWebApplication.php(141): CWebApplication->runController('installationreq...')
#14 F:\OSPanel_5_2_9\OSPanel\domains\framework\base\CApplication.php(185): CWebApplication->processRequest()
#15 F:\OSPanel_5_2_9\OSPanel\domains\snsit.loc\index.php(26): CApplication->run()
#16 {main}
REQUEST_URI=/installationrequests/create
HTTP_REFERER=http://snsit.loc/installationrequests/create
---
2019/07/12 15:25:10 [error] [exception.CHttpException.404] exception 'CHttpException' with message 'Unable to resolve the request "scripts/jquery-1.10.2.min.map".' in F:\OSPanel_5_2_9\OSPanel\domains\framework\web\CWebApplication.php:286
Stack trace:
#0 F:\OSPanel_5_2_9\OSPanel\domains\framework\web\CWebApplication.php(141): CWebApplication->runController('scripts/jquery-...')
#1 F:\OSPanel_5_2_9\OSPanel\domains\framework\base\CApplication.php(185): CWebApplication->processRequest()
#2 F:\OSPanel_5_2_9\OSPanel\domains\snsit.loc\index.php(26): CApplication->run()
#3 {main}
REQUEST_URI=/scripts/jquery-1.10.2.min.map
---
2019/07/12 15:26:54 [error] [system.db.CDbCommand] CDbCommand::execute() failed: SQLSTATE[22001]: String data, right truncated: 1406 Data too long for column 'installation_locally' at row 1. The SQL statement executed was: INSERT INTO `installation_requests` (`disaster_recovery`, `assigned_to`, `maintenance`, `status`, `prerequisites`, `installation_location`, `ir_number`, `customer`, `project`, `expected_starting_date`, `deadline_date`, `installation_locally`, `hosting_contact_name`, `hosting_contact_email`, `customer_contact_name`, `customer_contact_email`, `notes`, `requested_by`) VALUES (:yp0, :yp1, :yp2, :yp3, :yp4, :yp5, :yp6, :yp7, :yp8, :yp9, :yp10, :yp11, :yp12, :yp13, :yp14, :yp15, :yp16, :yp17).
2019/07/12 15:26:54 [error] [exception.CDbException] exception 'CDbException' with message 'CDbCommand failed to execute the SQL statement: SQLSTATE[22001]: String data, right truncated: 1406 Data too long for column 'installation_locally' at row 1' in F:\OSPanel_5_2_9\OSPanel\domains\framework\db\CDbCommand.php:358
Stack trace:
#0 F:\OSPanel_5_2_9\OSPanel\domains\framework\db\ar\CActiveRecord.php(1083): CDbCommand->execute()
#1 F:\OSPanel_5_2_9\OSPanel\domains\framework\db\ar\CActiveRecord.php(811): CActiveRecord->insert(NULL)
#2 F:\OSPanel_5_2_9\OSPanel\domains\snsit.loc\protected\controllers\InstallationrequestsController.php(181): CActiveRecord->save()
#3 F:\OSPanel_5_2_9\OSPanel\domains\framework\web\actions\CInlineAction.php(49): InstallationRequestsController->actionCreate()
#4 F:\OSPanel_5_2_9\OSPanel\domains\framework\web\CController.php(308): CInlineAction->runWithParams(Array)
#5 F:\OSPanel_5_2_9\OSPanel\domains\framework\web\filters\CFilterChain.php(134): CController->runAction(Object(CInlineAction))
#6 F:\OSPanel_5_2_9\OSPanel\domains\framework\web\filters\CFilter.php(40): CFilterChain->run()
#7 F:\OSPanel_5_2_9\OSPanel\domains\framework\web\CController.php(1148): CFilter->filter(Object(CFilterChain))
#8 F:\OSPanel_5_2_9\OSPanel\domains\framework\web\filters\CInlineFilter.php(58): CController->filterAccessControl(Object(CFilterChain))
#9 F:\OSPanel_5_2_9\OSPanel\domains\framework\web\filters\CFilterChain.php(131): CInlineFilter->filter(Object(CFilterChain))
#10 F:\OSPanel_5_2_9\OSPanel\domains\framework\web\CController.php(291): CFilterChain->run()
#11 F:\OSPanel_5_2_9\OSPanel\domains\framework\web\CController.php(265): CController->runActionWithFilters(Object(CInlineAction), Array)
#12 F:\OSPanel_5_2_9\OSPanel\domains\framework\web\CWebApplication.php(282): CController->run('create')
#13 F:\OSPanel_5_2_9\OSPanel\domains\framework\web\CWebApplication.php(141): CWebApplication->runController('installationreq...')
#14 F:\OSPanel_5_2_9\OSPanel\domains\framework\base\CApplication.php(185): CWebApplication->processRequest()
#15 F:\OSPanel_5_2_9\OSPanel\domains\snsit.loc\index.php(26): CApplication->run()
#16 {main}
REQUEST_URI=/installationrequests/create
HTTP_REFERER=http://snsit.loc/installationrequests/create
---
2019/07/12 15:26:54 [error] [exception.CHttpException.404] exception 'CHttpException' with message 'Unable to resolve the request "scripts/jquery-1.10.2.min.map".' in F:\OSPanel_5_2_9\OSPanel\domains\framework\web\CWebApplication.php:286
Stack trace:
#0 F:\OSPanel_5_2_9\OSPanel\domains\framework\web\CWebApplication.php(141): CWebApplication->runController('scripts/jquery-...')
#1 F:\OSPanel_5_2_9\OSPanel\domains\framework\base\CApplication.php(185): CWebApplication->processRequest()
#2 F:\OSPanel_5_2_9\OSPanel\domains\snsit.loc\index.php(26): CApplication->run()
#3 {main}
REQUEST_URI=/scripts/jquery-1.10.2.min.map
---
2019/07/12 15:28:26 [error] [exception.CHttpException.404] exception 'CHttpException' with message 'Unable to resolve the request "scripts/jquery-1.10.2.min.map".' in F:\OSPanel_5_2_9\OSPanel\domains\framework\web\CWebApplication.php:286
Stack trace:
#0 F:\OSPanel_5_2_9\OSPanel\domains\framework\web\CWebApplication.php(141): CWebApplication->runController('scripts/jquery-...')
#1 F:\OSPanel_5_2_9\OSPanel\domains\framework\base\CApplication.php(185): CWebApplication->processRequest()
#2 F:\OSPanel_5_2_9\OSPanel\domains\snsit.loc\index.php(26): CApplication->run()
#3 {main}
REQUEST_URI=/scripts/jquery-1.10.2.min.map
---
2019/07/12 15:41:11 [error] [exception.CHttpException.404] exception 'CHttpException' with message 'Unable to resolve the request "scripts/jquery-1.10.2.min.map".' in F:\OSPanel_5_2_9\OSPanel\domains\framework\web\CWebApplication.php:286
Stack trace:
#0 F:\OSPanel_5_2_9\OSPanel\domains\framework\web\CWebApplication.php(141): CWebApplication->runController('scripts/jquery-...')
#1 F:\OSPanel_5_2_9\OSPanel\domains\framework\base\CApplication.php(185): CWebApplication->processRequest()
#2 F:\OSPanel_5_2_9\OSPanel\domains\snsit.loc\index.php(26): CApplication->run()
#3 {main}
REQUEST_URI=/scripts/jquery-1.10.2.min.map
---
2019/07/12 15:42:01 [error] [exception.CHttpException.404] exception 'CHttpException' with message 'Unable to resolve the request "scripts/jquery-1.10.2.min.map".' in F:\OSPanel_5_2_9\OSPanel\domains\framework\web\CWebApplication.php:286
Stack trace:
#0 F:\OSPanel_5_2_9\OSPanel\domains\framework\web\CWebApplication.php(141): CWebApplication->runController('scripts/jquery-...')
#1 F:\OSPanel_5_2_9\OSPanel\domains\framework\base\CApplication.php(185): CWebApplication->processRequest()
#2 F:\OSPanel_5_2_9\OSPanel\domains\snsit.loc\index.php(26): CApplication->run()
#3 {main}
REQUEST_URI=/scripts/jquery-1.10.2.min.map
---
2019/07/12 15:43:19 [error] [exception.CHttpException.404] exception 'CHttpException' with message 'Unable to resolve the request "scripts/jquery-1.10.2.min.map".' in F:\OSPanel_5_2_9\OSPanel\domains\framework\web\CWebApplication.php:286
Stack trace:
#0 F:\OSPanel_5_2_9\OSPanel\domains\framework\web\CWebApplication.php(141): CWebApplication->runController('scripts/jquery-...')
#1 F:\OSPanel_5_2_9\OSPanel\domains\framework\base\CApplication.php(185): CWebApplication->processRequest()
#2 F:\OSPanel_5_2_9\OSPanel\domains\snsit.loc\index.php(26): CApplication->run()
#3 {main}
REQUEST_URI=/scripts/jquery-1.10.2.min.map
---
2019/07/12 15:47:01 [error] [exception.CHttpException.404] exception 'CHttpException' with message 'Unable to resolve the request "scripts/jquery-1.10.2.min.map".' in F:\OSPanel_5_2_9\OSPanel\domains\framework\web\CWebApplication.php:286
Stack trace:
#0 F:\OSPanel_5_2_9\OSPanel\domains\framework\web\CWebApplication.php(141): CWebApplication->runController('scripts/jquery-...')
#1 F:\OSPanel_5_2_9\OSPanel\domains\framework\base\CApplication.php(185): CWebApplication->processRequest()
#2 F:\OSPanel_5_2_9\OSPanel\domains\snsit.loc\index.php(26): CApplication->run()
#3 {main}
REQUEST_URI=/scripts/jquery-1.10.2.min.map
---
2019/07/12 15:47:09 [error] [exception.CHttpException.404] exception 'CHttpException' with message 'Unable to resolve the request "scripts/jquery-1.10.2.min.map".' in F:\OSPanel_5_2_9\OSPanel\domains\framework\web\CWebApplication.php:286
Stack trace:
#0 F:\OSPanel_5_2_9\OSPanel\domains\framework\web\CWebApplication.php(141): CWebApplication->runController('scripts/jquery-...')
#1 F:\OSPanel_5_2_9\OSPanel\domains\framework\base\CApplication.php(185): CWebApplication->processRequest()
#2 F:\OSPanel_5_2_9\OSPanel\domains\snsit.loc\index.php(26): CApplication->run()
#3 {main}
REQUEST_URI=/scripts/jquery-1.10.2.min.map
---
2019/07/12 15:47:13 [error] [exception.CHttpException.404] exception 'CHttpException' with message 'Unable to resolve the request "scripts/jquery-1.10.2.min.map".' in F:\OSPanel_5_2_9\OSPanel\domains\framework\web\CWebApplication.php:286
Stack trace:
#0 F:\OSPanel_5_2_9\OSPanel\domains\framework\web\CWebApplication.php(141): CWebApplication->runController('scripts/jquery-...')
#1 F:\OSPanel_5_2_9\OSPanel\domains\framework\base\CApplication.php(185): CWebApplication->processRequest()
#2 F:\OSPanel_5_2_9\OSPanel\domains\snsit.loc\index.php(26): CApplication->run()
#3 {main}
REQUEST_URI=/scripts/jquery-1.10.2.min.map
---
2019/07/12 15:47:25 [error] [exception.CHttpException.404] exception 'CHttpException' with message 'Unable to resolve the request "scripts/jquery-1.10.2.min.map".' in F:\OSPanel_5_2_9\OSPanel\domains\framework\web\CWebApplication.php:286
Stack trace:
#0 F:\OSPanel_5_2_9\OSPanel\domains\framework\web\CWebApplication.php(141): CWebApplication->runController('scripts/jquery-...')
#1 F:\OSPanel_5_2_9\OSPanel\domains\framework\base\CApplication.php(185): CWebApplication->processRequest()
#2 F:\OSPanel_5_2_9\OSPanel\domains\snsit.loc\index.php(26): CApplication->run()
#3 {main}
REQUEST_URI=/scripts/jquery-1.10.2.min.map
---
2019/07/15 10:07:28 [error] [system.db.CDbCommand] CDbCommand::fetchAll() failed: SQLSTATE[42000]: Syntax error or access violation: 1055 Expression #1 of SELECT list is not in GROUP BY clause and contains nonaggregated column 'snsit.users.id' which is not functionally dependent on columns in GROUP BY clause; this is incompatible with sql_mode=only_full_group_by. The SQL statement executed was: SELECT users.id AS userid, users.firstname, users.lastname, count(expenses.id) as total, projects.name AS nameProject, projects.project_manager
		FROM expenses 
		LEFT JOIN users ON (expenses.user_id = users.id) 
		LEFT JOIN projects ON (expenses.project_id = projects.id)
		WHERE expenses.status = 'Submitted' and users.id<> projects.project_manager
		GROUP BY projects.project_manager, projects.name 
union
SELECT users.id AS userid, users.firstname, users.lastname, count(expenses.id) as total, projects.name AS nameProject, projects.business_manager
		FROM expenses 
		LEFT JOIN users ON (expenses.user_id = users.id) 
		LEFT JOIN projects ON (expenses.project_id = projects.id)
		WHERE expenses.status = 'Submitted' and users.id= projects.project_manager
		GROUP BY projects.business_manager, projects.name
order by userid ASC
.
2019/07/15 10:07:28 [error] [exception.CDbException] exception 'CDbException' with message 'CDbCommand failed to execute the SQL statement: SQLSTATE[42000]: Syntax error or access violation: 1055 Expression #1 of SELECT list is not in GROUP BY clause and contains nonaggregated column 'snsit.users.id' which is not functionally dependent on columns in GROUP BY clause; this is incompatible with sql_mode=only_full_group_by' in F:\OSPanel_5_2_9\OSPanel\domains\framework\db\CDbCommand.php:543
Stack trace:
#0 F:\OSPanel_5_2_9\OSPanel\domains\framework\db\CDbCommand.php(396): CDbCommand->queryInternal('fetchAll', Array, Array)
#1 F:\OSPanel_5_2_9\OSPanel\domains\snsit.loc\protected\models\Expenses.php(260): CDbCommand->queryAll()
#2 F:\OSPanel_5_2_9\OSPanel\domains\snsit.loc\protected\views\site\_alerts_list.php(25): Expenses::getLastExpenses('Submitted')
#3 F:\OSPanel_5_2_9\OSPanel\domains\framework\web\CBaseController.php(126): require('F:\\OSPanel_5_2_...')
#4 F:\OSPanel_5_2_9\OSPanel\domains\framework\web\CBaseController.php(95): CBaseController->renderInternal('F:\\OSPanel_5_2_...', NULL, true)
#5 F:\OSPanel_5_2_9\OSPanel\domains\framework\web\CController.php(872): CBaseController->renderFile('F:\\OSPanel_5_2_...', NULL, true)
#6 F:\OSPanel_5_2_9\OSPanel\domains\snsit.loc\protected\views\layouts\main.php(31): CController->renderPartial('//site/_alerts_...')
#7 F:\OSPanel_5_2_9\OSPanel\domains\framework\web\CBaseController.php(126): require('F:\\OSPanel_5_2_...')
#8 F:\OSPanel_5_2_9\OSPanel\domains\framework\web\CBaseController.php(95): CBaseController->renderInternal('F:\\OSPanel_5_2_...', Array, true)
#9 F:\OSPanel_5_2_9\OSPanel\domains\framework\web\widgets\CContentDecorator.php(76): CBaseController->renderFile('F:\\OSPanel_5_2_...', Array, true)
#10 F:\OSPanel_5_2_9\OSPanel\domains\framework\web\widgets\CContentDecorator.php(54): CContentDecorator->decorate('<div class="con...')
#11 F:\OSPanel_5_2_9\OSPanel\domains\framework\web\widgets\COutputProcessor.php(44): CContentDecorator->processOutput('<div class="con...')
#12 F:\OSPanel_5_2_9\OSPanel\domains\framework\web\CBaseController.php(215): COutputProcessor->run()
#13 F:\OSPanel_5_2_9\OSPanel\domains\framework\web\CBaseController.php(309): CBaseController->endWidget('CContentDecorat...')
#14 F:\OSPanel_5_2_9\OSPanel\domains\snsit.loc\protected\views\layouts\column1.php(4): CBaseController->endContent()
#15 F:\OSPanel_5_2_9\OSPanel\domains\framework\web\CBaseController.php(126): require('F:\\OSPanel_5_2_...')
#16 F:\OSPanel_5_2_9\OSPanel\domains\framework\web\CBaseController.php(95): CBaseController->renderInternal('F:\\OSPanel_5_2_...', Array, true)
#17 F:\OSPanel_5_2_9\OSPanel\domains\framework\web\CController.php(787): CBaseController->renderFile('F:\\OSPanel_5_2_...', Array, true)
#18 F:\OSPanel_5_2_9\OSPanel\domains\snsit.loc\protected\controllers\SiteController.php(68): CController->render('index', Array)
#19 F:\OSPanel_5_2_9\OSPanel\domains\framework\web\actions\CInlineAction.php(49): SiteController->actionIndex()
#20 F:\OSPanel_5_2_9\OSPanel\domains\framework\web\CController.php(308): CInlineAction->runWithParams(Array)
#21 F:\OSPanel_5_2_9\OSPanel\domains\framework\web\filters\CFilterChain.php(134): CController->runAction(Object(CInlineAction))
#22 F:\OSPanel_5_2_9\OSPanel\domains\framework\web\CController.php(291): CFilterChain->run()
#23 F:\OSPanel_5_2_9\OSPanel\domains\framework\web\CController.php(265): CController->runActionWithFilters(Object(CInlineAction), Array)
#24 F:\OSPanel_5_2_9\OSPanel\domains\framework\web\CWebApplication.php(282): CController->run('')
#25 F:\OSPanel_5_2_9\OSPanel\domains\framework\web\CWebApplication.php(141): CWebApplication->runController('')
#26 F:\OSPanel_5_2_9\OSPanel\domains\framework\base\CApplication.php(185): CWebApplication->processRequest()
#27 F:\OSPanel_5_2_9\OSPanel\domains\snsit.loc\index.php(26): CApplication->run()
#28 {main}
REQUEST_URI=/
---
2019/07/15 10:07:28 [error] [system.db.CDbCommand] CDbCommand::fetchAll() failed: SQLSTATE[42000]: Syntax error or access violation: 1055 Expression #1 of SELECT list is not in GROUP BY clause and contains nonaggregated column 'snsit.users.id' which is not functionally dependent on columns in GROUP BY clause; this is incompatible with sql_mode=only_full_group_by. The SQL statement executed was: SELECT users.id AS userid, users.firstname, users.lastname, count(expenses.id) as total, projects.name AS nameProject, projects.project_manager
		FROM expenses 
		LEFT JOIN users ON (expenses.user_id = users.id) 
		LEFT JOIN projects ON (expenses.project_id = projects.id)
		WHERE expenses.status = 'Submitted' and users.id<> projects.project_manager
		GROUP BY projects.project_manager, projects.name 
union
SELECT users.id AS userid, users.firstname, users.lastname, count(expenses.id) as total, projects.name AS nameProject, projects.business_manager
		FROM expenses 
		LEFT JOIN users ON (expenses.user_id = users.id) 
		LEFT JOIN projects ON (expenses.project_id = projects.id)
		WHERE expenses.status = 'Submitted' and users.id= projects.project_manager
		GROUP BY projects.business_manager, projects.name
order by userid ASC
.
2019/07/15 10:27:39 [error] [system.db.CDbCommand] CDbCommand::execute() failed: SQLSTATE[HY000]: General error: 1364 Field 'close_date' doesn't have a default value. The SQL statement executed was: INSERT INTO `projects_issues` (`module`, `id_project`, `logged_by`, `logged_date`, `lastupdateby`, `lastupdateddate`, `id_issue`, `type`, `description`, `priority`, `status`) VALUES (:yp0, :yp1, :yp2, :yp3, :yp4, :yp5, :yp6, :yp7, :yp8, :yp9, :yp10).
2019/07/15 10:27:39 [error] [exception.CDbException] exception 'CDbException' with message 'CDbCommand failed to execute the SQL statement: SQLSTATE[HY000]: General error: 1364 Field 'close_date' doesn't have a default value' in F:\OSPanel_5_2_9\OSPanel\domains\framework\db\CDbCommand.php:358
Stack trace:
#0 F:\OSPanel_5_2_9\OSPanel\domains\framework\db\ar\CActiveRecord.php(1083): CDbCommand->execute()
#1 F:\OSPanel_5_2_9\OSPanel\domains\framework\db\ar\CActiveRecord.php(811): CActiveRecord->insert(NULL)
#2 F:\OSPanel_5_2_9\OSPanel\domains\snsit.loc\protected\controllers\ProjectsController.php(3579): CActiveRecord->save()
#3 F:\OSPanel_5_2_9\OSPanel\domains\framework\web\actions\CInlineAction.php(49): ProjectsController->actioncreateIssue()
#4 F:\OSPanel_5_2_9\OSPanel\domains\framework\web\CController.php(308): CInlineAction->runWithParams(Array)
#5 F:\OSPanel_5_2_9\OSPanel\domains\framework\web\filters\CFilterChain.php(134): CController->runAction(Object(CInlineAction))
#6 F:\OSPanel_5_2_9\OSPanel\domains\framework\web\filters\CFilter.php(40): CFilterChain->run()
#7 F:\OSPanel_5_2_9\OSPanel\domains\framework\web\CController.php(1148): CFilter->filter(Object(CFilterChain))
#8 F:\OSPanel_5_2_9\OSPanel\domains\framework\web\filters\CInlineFilter.php(58): CController->filterAccessControl(Object(CFilterChain))
#9 F:\OSPanel_5_2_9\OSPanel\domains\framework\web\filters\CFilterChain.php(131): CInlineFilter->filter(Object(CFilterChain))
#10 F:\OSPanel_5_2_9\OSPanel\domains\framework\web\CController.php(291): CFilterChain->run()
#11 F:\OSPanel_5_2_9\OSPanel\domains\framework\web\CController.php(265): CController->runActionWithFilters(Object(CInlineAction), Array)
#12 F:\OSPanel_5_2_9\OSPanel\domains\framework\web\CWebApplication.php(282): CController->run('createIssue')
#13 F:\OSPanel_5_2_9\OSPanel\domains\framework\web\CWebApplication.php(141): CWebApplication->runController('projects/create...')
#14 F:\OSPanel_5_2_9\OSPanel\domains\framework\base\CApplication.php(185): CWebApplication->processRequest()
#15 F:\OSPanel_5_2_9\OSPanel\domains\snsit.loc\index.php(26): CApplication->run()
#16 {main}
REQUEST_URI=/projects/createIssue/?id_project=809
HTTP_REFERER=http://snsit.loc/projects/view/809
---
2019/07/15 10:27:47 [error] [system.db.CDbCommand] CDbCommand::execute() failed: SQLSTATE[HY000]: General error: 1364 Field 'close_date' doesn't have a default value. The SQL statement executed was: INSERT INTO `projects_issues` (`module`, `id_project`, `logged_by`, `logged_date`, `lastupdateby`, `lastupdateddate`, `id_issue`, `type`, `description`, `priority`, `status`) VALUES (:yp0, :yp1, :yp2, :yp3, :yp4, :yp5, :yp6, :yp7, :yp8, :yp9, :yp10).
2019/07/15 10:27:47 [error] [exception.CDbException] exception 'CDbException' with message 'CDbCommand failed to execute the SQL statement: SQLSTATE[HY000]: General error: 1364 Field 'close_date' doesn't have a default value' in F:\OSPanel_5_2_9\OSPanel\domains\framework\db\CDbCommand.php:358
Stack trace:
#0 F:\OSPanel_5_2_9\OSPanel\domains\framework\db\ar\CActiveRecord.php(1083): CDbCommand->execute()
#1 F:\OSPanel_5_2_9\OSPanel\domains\framework\db\ar\CActiveRecord.php(811): CActiveRecord->insert(NULL)
#2 F:\OSPanel_5_2_9\OSPanel\domains\snsit.loc\protected\controllers\ProjectsController.php(3579): CActiveRecord->save()
#3 F:\OSPanel_5_2_9\OSPanel\domains\framework\web\actions\CInlineAction.php(49): ProjectsController->actioncreateIssue()
#4 F:\OSPanel_5_2_9\OSPanel\domains\framework\web\CController.php(308): CInlineAction->runWithParams(Array)
#5 F:\OSPanel_5_2_9\OSPanel\domains\framework\web\filters\CFilterChain.php(134): CController->runAction(Object(CInlineAction))
#6 F:\OSPanel_5_2_9\OSPanel\domains\framework\web\filters\CFilter.php(40): CFilterChain->run()
#7 F:\OSPanel_5_2_9\OSPanel\domains\framework\web\CController.php(1148): CFilter->filter(Object(CFilterChain))
#8 F:\OSPanel_5_2_9\OSPanel\domains\framework\web\filters\CInlineFilter.php(58): CController->filterAccessControl(Object(CFilterChain))
#9 F:\OSPanel_5_2_9\OSPanel\domains\framework\web\filters\CFilterChain.php(131): CInlineFilter->filter(Object(CFilterChain))
#10 F:\OSPanel_5_2_9\OSPanel\domains\framework\web\CController.php(291): CFilterChain->run()
#11 F:\OSPanel_5_2_9\OSPanel\domains\framework\web\CController.php(265): CController->runActionWithFilters(Object(CInlineAction), Array)
#12 F:\OSPanel_5_2_9\OSPanel\domains\framework\web\CWebApplication.php(282): CController->run('createIssue')
#13 F:\OSPanel_5_2_9\OSPanel\domains\framework\web\CWebApplication.php(141): CWebApplication->runController('projects/create...')
#14 F:\OSPanel_5_2_9\OSPanel\domains\framework\base\CApplication.php(185): CWebApplication->processRequest()
#15 F:\OSPanel_5_2_9\OSPanel\domains\snsit.loc\index.php(26): CApplication->run()
#16 {main}
REQUEST_URI=/projects/createIssue/?id_project=809
HTTP_REFERER=http://snsit.loc/projects/view/809
---
2019/07/15 11:07:15 [error] [exception.CHttpException.404] exception 'CHttpException' with message 'Unable to resolve the request "scripts/jquery-1.10.2.min.map".' in F:\OSPanel_5_2_9\OSPanel\domains\framework\web\CWebApplication.php:286
Stack trace:
#0 F:\OSPanel_5_2_9\OSPanel\domains\framework\web\CWebApplication.php(141): CWebApplication->runController('scripts/jquery-...')
#1 F:\OSPanel_5_2_9\OSPanel\domains\framework\base\CApplication.php(185): CWebApplication->processRequest()
#2 F:\OSPanel_5_2_9\OSPanel\domains\snsit.loc\index.php(26): CApplication->run()
#3 {main}
REQUEST_URI=/scripts/jquery-1.10.2.min.map
---
2019/07/15 11:07:41 [error] [exception.CHttpException.404] exception 'CHttpException' with message 'Unable to resolve the request "scripts/jquery-1.10.2.min.map".' in F:\OSPanel_5_2_9\OSPanel\domains\framework\web\CWebApplication.php:286
Stack trace:
#0 F:\OSPanel_5_2_9\OSPanel\domains\framework\web\CWebApplication.php(141): CWebApplication->runController('scripts/jquery-...')
#1 F:\OSPanel_5_2_9\OSPanel\domains\framework\base\CApplication.php(185): CWebApplication->processRequest()
#2 F:\OSPanel_5_2_9\OSPanel\domains\snsit.loc\index.php(26): CApplication->run()
#3 {main}
REQUEST_URI=/scripts/jquery-1.10.2.min.map
---
2019/07/15 11:08:41 [error] [exception.CHttpException.404] exception 'CHttpException' with message 'Unable to resolve the request "scripts/jquery-1.10.2.min.map".' in F:\OSPanel_5_2_9\OSPanel\domains\framework\web\CWebApplication.php:286
Stack trace:
#0 F:\OSPanel_5_2_9\OSPanel\domains\framework\web\CWebApplication.php(141): CWebApplication->runController('scripts/jquery-...')
#1 F:\OSPanel_5_2_9\OSPanel\domains\framework\base\CApplication.php(185): CWebApplication->processRequest()
#2 F:\OSPanel_5_2_9\OSPanel\domains\snsit.loc\index.php(26): CApplication->run()
#3 {main}
REQUEST_URI=/scripts/jquery-1.10.2.min.map
---
2019/07/15 11:10:48 [error] [exception.CHttpException.404] exception 'CHttpException' with message 'Unable to resolve the request "scripts/jquery-1.10.2.min.map".' in F:\OSPanel_5_2_9\OSPanel\domains\framework\web\CWebApplication.php:286
Stack trace:
#0 F:\OSPanel_5_2_9\OSPanel\domains\framework\web\CWebApplication.php(141): CWebApplication->runController('scripts/jquery-...')
#1 F:\OSPanel_5_2_9\OSPanel\domains\framework\base\CApplication.php(185): CWebApplication->processRequest()
#2 F:\OSPanel_5_2_9\OSPanel\domains\snsit.loc\index.php(26): CApplication->run()
#3 {main}
REQUEST_URI=/scripts/jquery-1.10.2.min.map
---
2019/07/15 11:13:28 [error] [exception.CHttpException.404] exception 'CHttpException' with message 'Unable to resolve the request "scripts/jquery-1.10.2.min.map".' in F:\OSPanel_5_2_9\OSPanel\domains\framework\web\CWebApplication.php:286
Stack trace:
#0 F:\OSPanel_5_2_9\OSPanel\domains\framework\web\CWebApplication.php(141): CWebApplication->runController('scripts/jquery-...')
#1 F:\OSPanel_5_2_9\OSPanel\domains\framework\base\CApplication.php(185): CWebApplication->processRequest()
#2 F:\OSPanel_5_2_9\OSPanel\domains\snsit.loc\index.php(26): CApplication->run()
#3 {main}
REQUEST_URI=/scripts/jquery-1.10.2.min.map
---
2019/07/15 11:18:44 [error] [exception.CHttpException.404] exception 'CHttpException' with message 'Unable to resolve the request "scripts/jquery-1.10.2.min.map".' in F:\OSPanel_5_2_9\OSPanel\domains\framework\web\CWebApplication.php:286
Stack trace:
#0 F:\OSPanel_5_2_9\OSPanel\domains\framework\web\CWebApplication.php(141): CWebApplication->runController('scripts/jquery-...')
#1 F:\OSPanel_5_2_9\OSPanel\domains\framework\base\CApplication.php(185): CWebApplication->processRequest()
#2 F:\OSPanel_5_2_9\OSPanel\domains\snsit.loc\index.php(26): CApplication->run()
#3 {main}
REQUEST_URI=/scripts/jquery-1.10.2.min.map
---
2019/07/15 11:20:37 [error] [exception.CHttpException.404] exception 'CHttpException' with message 'Unable to resolve the request "scripts/jquery-1.10.2.min.map".' in F:\OSPanel_5_2_9\OSPanel\domains\framework\web\CWebApplication.php:286
Stack trace:
#0 F:\OSPanel_5_2_9\OSPanel\domains\framework\web\CWebApplication.php(141): CWebApplication->runController('scripts/jquery-...')
#1 F:\OSPanel_5_2_9\OSPanel\domains\framework\base\CApplication.php(185): CWebApplication->processRequest()
#2 F:\OSPanel_5_2_9\OSPanel\domains\snsit.loc\index.php(26): CApplication->run()
#3 {main}
REQUEST_URI=/scripts/jquery-1.10.2.min.map
---
2019/07/15 11:26:40 [error] [exception.CHttpException.404] exception 'CHttpException' with message 'Unable to resolve the request "scripts/jquery-1.10.2.min.map".' in F:\OSPanel_5_2_9\OSPanel\domains\framework\web\CWebApplication.php:286
Stack trace:
#0 F:\OSPanel_5_2_9\OSPanel\domains\framework\web\CWebApplication.php(141): CWebApplication->runController('scripts/jquery-...')
#1 F:\OSPanel_5_2_9\OSPanel\domains\framework\base\CApplication.php(185): CWebApplication->processRequest()
#2 F:\OSPanel_5_2_9\OSPanel\domains\snsit.loc\index.php(26): CApplication->run()
#3 {main}
REQUEST_URI=/scripts/jquery-1.10.2.min.map
---
